{"C:\\Users\\baola\\OneDrive\\Desktop\\TwitSplit\\TwitSplit\\src\\components\\message-form\\MessageForm.js": {"path":"C:\\Users\\baola\\OneDrive\\Desktop\\TwitSplit\\TwitSplit\\src\\components\\message-form\\MessageForm.js","statementMap":{"0":{"start":{"line":9,"column":4},"end":{"line":9,"column":17}},"1":{"start":{"line":10,"column":4},"end":{"line":14,"column":5}},"2":{"start":{"line":15,"column":4},"end":{"line":15,"column":38}},"3":{"start":{"line":16,"column":4},"end":{"line":16,"column":53}},"4":{"start":{"line":17,"column":4},"end":{"line":17,"column":53}},"5":{"start":{"line":18,"column":4},"end":{"line":18,"column":49}},"6":{"start":{"line":19,"column":4},"end":{"line":19,"column":51}},"7":{"start":{"line":23,"column":4},"end":{"line":23,"column":23}},"8":{"start":{"line":24,"column":27},"end":{"line":24,"column":64}},"9":{"start":{"line":25,"column":4},"end":{"line":25,"column":37}},"10":{"start":{"line":26,"column":4},"end":{"line":26,"column":27}},"11":{"start":{"line":27,"column":4},"end":{"line":27,"column":34}},"12":{"start":{"line":31,"column":20},"end":{"line":31,"column":22}},"13":{"start":{"line":32,"column":4},"end":{"line":71,"column":5}},"14":{"start":{"line":33,"column":6},"end":{"line":36,"column":8}},"15":{"start":{"line":37,"column":6},"end":{"line":37,"column":23}},"16":{"start":{"line":39,"column":25},"end":{"line":39,"column":46}},"17":{"start":{"line":40,"column":6},"end":{"line":48,"column":7}},"18":{"start":{"line":40,"column":19},"end":{"line":40,"column":20}},"19":{"start":{"line":41,"column":8},"end":{"line":47,"column":9}},"20":{"start":{"line":42,"column":10},"end":{"line":45,"column":12}},"21":{"start":{"line":46,"column":10},"end":{"line":46,"column":27}},"22":{"start":{"line":49,"column":27},"end":{"line":49,"column":28}},"23":{"start":{"line":50,"column":22},"end":{"line":50,"column":24}},"24":{"start":{"line":51,"column":19},"end":{"line":51,"column":21}},"25":{"start":{"line":52,"column":6},"end":{"line":56,"column":7}},"26":{"start":{"line":53,"column":8},"end":{"line":53,"column":86}},"27":{"start":{"line":55,"column":8},"end":{"line":55,"column":90}},"28":{"start":{"line":57,"column":6},"end":{"line":69,"column":7}},"29":{"start":{"line":57,"column":19},"end":{"line":57,"column":20}},"30":{"start":{"line":58,"column":8},"end":{"line":58,"column":49}},"31":{"start":{"line":59,"column":8},"end":{"line":64,"column":9}},"32":{"start":{"line":60,"column":10},"end":{"line":60,"column":62}},"33":{"start":{"line":62,"column":10},"end":{"line":62,"column":96}},"34":{"start":{"line":63,"column":10},"end":{"line":63,"column":115}},"35":{"start":{"line":65,"column":8},"end":{"line":68,"column":10}},"36":{"start":{"line":70,"column":6},"end":{"line":70,"column":23}},"37":{"start":{"line":75,"column":4},"end":{"line":75,"column":33}},"38":{"start":{"line":79,"column":4},"end":{"line":79,"column":46}},"39":{"start":{"line":83,"column":4},"end":{"line":83,"column":34}},"40":{"start":{"line":87,"column":19},"end":{"line":87,"column":21}},"41":{"start":{"line":88,"column":21},"end":{"line":88,"column":46}},"42":{"start":{"line":89,"column":4},"end":{"line":100,"column":5}},"43":{"start":{"line":89,"column":17},"end":{"line":89,"column":18}},"44":{"start":{"line":90,"column":6},"end":{"line":99,"column":9}},"45":{"start":{"line":91,"column":8},"end":{"line":98,"column":11}},"46":{"start":{"line":101,"column":4},"end":{"line":101,"column":26}},"47":{"start":{"line":102,"column":4},"end":{"line":102,"column":35}},"48":{"start":{"line":105,"column":4},"end":{"line":126,"column":6}}},"fnMap":{"0":{"name":"(anonymous_0)","decl":{"start":{"line":8,"column":2},"end":{"line":8,"column":3}},"loc":{"start":{"line":8,"column":21},"end":{"line":20,"column":3}},"line":8},"1":{"name":"(anonymous_1)","decl":{"start":{"line":22,"column":2},"end":{"line":22,"column":3}},"loc":{"start":{"line":22,"column":18},"end":{"line":28,"column":3}},"line":22},"2":{"name":"(anonymous_2)","decl":{"start":{"line":30,"column":2},"end":{"line":30,"column":3}},"loc":{"start":{"line":30,"column":27},"end":{"line":72,"column":3}},"line":30},"3":{"name":"(anonymous_3)","decl":{"start":{"line":74,"column":2},"end":{"line":74,"column":3}},"loc":{"start":{"line":74,"column":20},"end":{"line":76,"column":3}},"line":74},"4":{"name":"(anonymous_4)","decl":{"start":{"line":78,"column":2},"end":{"line":78,"column":3}},"loc":{"start":{"line":78,"column":18},"end":{"line":80,"column":3}},"line":78},"5":{"name":"(anonymous_5)","decl":{"start":{"line":82,"column":2},"end":{"line":82,"column":3}},"loc":{"start":{"line":82,"column":15},"end":{"line":84,"column":3}},"line":82},"6":{"name":"(anonymous_6)","decl":{"start":{"line":86,"column":2},"end":{"line":86,"column":3}},"loc":{"start":{"line":86,"column":16},"end":{"line":103,"column":3}},"line":86},"7":{"name":"(anonymous_7)","decl":{"start":{"line":90,"column":32},"end":{"line":90,"column":33}},"loc":{"start":{"line":90,"column":53},"end":{"line":99,"column":7}},"line":90},"8":{"name":"(anonymous_8)","decl":{"start":{"line":104,"column":2},"end":{"line":104,"column":3}},"loc":{"start":{"line":104,"column":11},"end":{"line":127,"column":3}},"line":104}},"branchMap":{"0":{"loc":{"start":{"line":32,"column":4},"end":{"line":71,"column":5}},"type":"if","locations":[{"start":{"line":32,"column":4},"end":{"line":71,"column":5}},{"start":{"line":32,"column":4},"end":{"line":71,"column":5}}],"line":32},"1":{"loc":{"start":{"line":41,"column":8},"end":{"line":47,"column":9}},"type":"if","locations":[{"start":{"line":41,"column":8},"end":{"line":47,"column":9}},{"start":{"line":41,"column":8},"end":{"line":47,"column":9}}],"line":41},"2":{"loc":{"start":{"line":52,"column":6},"end":{"line":56,"column":7}},"type":"if","locations":[{"start":{"line":52,"column":6},"end":{"line":56,"column":7}},{"start":{"line":52,"column":6},"end":{"line":56,"column":7}}],"line":52},"3":{"loc":{"start":{"line":59,"column":8},"end":{"line":64,"column":9}},"type":"if","locations":[{"start":{"line":59,"column":8},"end":{"line":64,"column":9}},{"start":{"line":59,"column":8},"end":{"line":64,"column":9}}],"line":59},"4":{"loc":{"start":{"line":115,"column":9},"end":{"line":123,"column":16}},"type":"cond-expr","locations":[{"start":{"line":116,"column":10},"end":{"line":122,"column":12}},{"start":{"line":123,"column":12},"end":{"line":123,"column":16}}],"line":115}},"s":{"0":1,"1":1,"2":1,"3":1,"4":1,"5":1,"6":1,"7":5,"8":5,"9":5,"10":5,"11":5,"12":5,"13":5,"14":2,"15":2,"16":3,"17":3,"18":3,"19":36,"20":1,"21":1,"22":2,"23":2,"24":2,"25":2,"26":1,"27":1,"28":2,"29":2,"30":4,"31":4,"32":2,"33":2,"34":2,"35":4,"36":2,"37":5,"38":1,"39":1,"40":0,"41":0,"42":0,"43":0,"44":0,"45":0,"46":0,"47":0,"48":23},"f":{"0":1,"1":5,"2":5,"3":5,"4":1,"5":1,"6":0,"7":0,"8":23},"b":{"0":[2,3],"1":[1,35],"2":[1,1],"3":[2,2],"4":[16,7]},"_coverageSchema":"43e27e138ebf9cfc5966b082cf9a028302ed4184","hash":"8116de1b481b9dcda28a84f3625c53a250169710"}
,"C:\\Users\\baola\\OneDrive\\Desktop\\TwitSplit\\TwitSplit\\src\\components\\modal\\Modal.js": {"path":"C:\\Users\\baola\\OneDrive\\Desktop\\TwitSplit\\TwitSplit\\src\\components\\modal\\Modal.js","statementMap":{"0":{"start":{"line":5,"column":14},"end":{"line":20,"column":1}},"1":{"start":{"line":6,"column":2},"end":{"line":19,"column":8}},"2":{"start":{"line":12,"column":42},"end":{"line":12,"column":84}},"3":{"start":{"line":21,"column":0},"end":{"line":28,"column":1}}},"fnMap":{"0":{"name":"(anonymous_0)","decl":{"start":{"line":5,"column":14},"end":{"line":5,"column":15}},"loc":{"start":{"line":6,"column":2},"end":{"line":19,"column":8}},"line":6},"1":{"name":"(anonymous_1)","decl":{"start":{"line":12,"column":34},"end":{"line":12,"column":35}},"loc":{"start":{"line":12,"column":42},"end":{"line":12,"column":84}},"line":12}},"branchMap":{},"s":{"0":2,"1":1,"2":2,"3":2},"f":{"0":1,"1":2},"b":{},"_coverageSchema":"43e27e138ebf9cfc5966b082cf9a028302ed4184","hash":"16a10cef416961c77d9368ef9e53b063505adf8c"}
}
