TN:
SF:C:\Users\baola\OneDrive\Desktop\TwitSplit\TwitSplit\src\components\message-form\MessageForm.js
FN:8,(anonymous_0)
FN:22,(anonymous_1)
FN:30,(anonymous_2)
FN:74,(anonymous_3)
FN:78,(anonymous_4)
FN:82,(anonymous_5)
FN:86,(anonymous_6)
FN:90,(anonymous_7)
FN:104,(anonymous_8)
FNF:9
FNH:7
FNDA:1,(anonymous_0)
FNDA:5,(anonymous_1)
FNDA:5,(anonymous_2)
FNDA:5,(anonymous_3)
FNDA:1,(anonymous_4)
FNDA:1,(anonymous_5)
FNDA:0,(anonymous_6)
FNDA:0,(anonymous_7)
FNDA:23,(anonymous_8)
DA:9,1
DA:10,1
DA:15,1
DA:16,1
DA:17,1
DA:18,1
DA:19,1
DA:23,5
DA:24,5
DA:25,5
DA:26,5
DA:27,5
DA:31,5
DA:32,5
DA:33,2
DA:37,2
DA:39,3
DA:40,3
DA:41,36
DA:42,1
DA:46,1
DA:49,2
DA:50,2
DA:51,2
DA:52,2
DA:53,1
DA:55,1
DA:57,2
DA:58,4
DA:59,4
DA:60,2
DA:62,2
DA:63,2
DA:65,4
DA:70,2
DA:75,5
DA:79,1
DA:83,1
DA:87,0
DA:88,0
DA:89,0
DA:90,0
DA:91,0
DA:101,0
DA:102,0
DA:105,23
LF:46
LH:39
BRDA:32,0,0,2
BRDA:32,0,1,3
BRDA:41,1,0,1
BRDA:41,1,1,35
BRDA:52,2,0,1
BRDA:52,2,1,1
BRDA:59,3,0,2
BRDA:59,3,1,2
BRDA:115,4,0,16
BRDA:115,4,1,7
BRF:10
BRH:10
end_of_record
TN:
SF:C:\Users\baola\OneDrive\Desktop\TwitSplit\TwitSplit\src\components\modal\Modal.js
FN:5,(anonymous_0)
FN:12,(anonymous_1)
FNF:2
FNH:2
FNDA:1,(anonymous_0)
FNDA:2,(anonymous_1)
DA:5,2
DA:6,1
DA:12,2
DA:21,2
LF:4
LH:4
BRF:0
BRH:0
end_of_record
